2026-06-30 16:15:41,912[root] - INFO - Logging initialized, log file: /root/Repos/Mina-a-Assistente-Virtual-Do-G.E.R.A/logs/app.log - MainThread
2026-06-30 16:15:42,182[__main__] - INFO - Created qasync event loop - MainThread
2026-06-30 16:15:42,193[__main__] - INFO - Starting Xiaozhi GUI (standalone mode) - MainThread
2026-06-30 16:15:42,195[src.utils.system_optimizer] - INFO - Process scheduling priority set to high (nice=-15). - MainThread
2026-06-30 16:15:42,196[src.utils.system_optimizer] - INFO - CPU affinity successfully mapped to all 4 system cores. - MainThread
2026-06-30 16:15:42,198[src.utils.system_optimizer] - INFO - /tmp is mounted on tmpfs (RAM disk). Temporary audio writes are fully optimized. - MainThread
2026-06-30 16:15:42,200[src.utils.config_manager] - INFO - Config directory: /root/Repos/Mina-a-Assistente-Virtual-Do-G.E.R.A/config - MainThread
2026-06-30 16:15:42,201[src.utils.config_manager] - INFO - Config file: /root/Repos/Mina-a-Assistente-Virtual-Do-G.E.R.A/config/config.json - MainThread
2026-06-30 16:15:42,588[src.utils.tts_client] - INFO - Performing mDNS discovery for MinaTTS._http._tcp.local... - Dummy-2
2026-06-30 16:15:44,596[src.utils.tts_client] - WARNING - mDNS service MinaTTS._http._tcp.local not found (timeout) - Dummy-2
2026-06-30 16:15:45,471[src.utils.tts_client] - INFO - Local embedded TTS engine initialized (voice=pt-BR-FranciscaNeural, resolved_remote=None) - MainThread
2026-06-30 16:15:45,472[__main__] - INFO - TTS client ready (enabled=True) - MainThread
2026-06-30 16:15:47,611[__main__] - INFO - GUI started successfully - MainThread
2026-06-30 18:29:56,115[root] - INFO - Logging initialized, log file: /root/Repos/Mina-a-Assistente-Virtual-Do-G.E.R.A/logs/app.log - MainThread
2026-06-30 18:29:56,296[__main__] - INFO - Created qasync event loop - MainThread
2026-06-30 18:29:56,463[__main__] - INFO - Starting Xiaozhi GUI (standalone mode) - MainThread
2026-06-30 18:29:56,465[src.utils.system_optimizer] - INFO - Process scheduling priority set to high (nice=-15). - MainThread
2026-06-30 18:29:56,466[src.utils.system_optimizer] - INFO - CPU affinity successfully mapped to all 4 system cores. - MainThread
2026-06-30 18:29:56,469[src.utils.system_optimizer] - INFO - /tmp is mounted on tmpfs (RAM disk). Temporary audio writes are fully optimized. - MainThread
2026-06-30 18:29:56,471[src.utils.config_manager] - INFO - Config directory: /root/Repos/Mina-a-Assistente-Virtual-Do-G.E.R.A/config - MainThread
2026-06-30 18:29:56,472[src.utils.config_manager] - INFO - Config file: /root/Repos/Mina-a-Assistente-Virtual-Do-G.E.R.A/config/config.json - MainThread
2026-06-30 18:29:56,848[src.utils.tts_client] - INFO - Performing mDNS discovery for MinaTTS._http._tcp.local... - Dummy-2
2026-06-30 18:29:58,856[src.utils.tts_client] - WARNING - mDNS service MinaTTS._http._tcp.local not found (timeout) - Dummy-2
2026-06-30 18:30:00,064[src.utils.tts_client] - INFO - Local embedded TTS engine initialized (voice=pt-BR-FranciscaNeural, resolved_remote=None) - MainThread
2026-06-30 18:30:00,065[__main__] - INFO - TTS client ready (enabled=True) - MainThread
2026-06-30 18:30:02,781[__main__] - INFO - GUI started successfully - MainThread
2026-06-30 18:32:03,745[src.utils.tts_client] - INFO - TTS local synthesis OK | chars=35 | latency=1.879s | cache=0 - MainThread
2026-06-30 18:32:03,862[src.utils.tts_client] - INFO - Starting persistent miniaudio PlaybackDevice (rate=44100, channels=2) - MainThread
2026-06-30 18:32:51,327[src.utils.tts_client] - INFO - TTS local synthesis OK | chars=46 | latency=2.353s | cache=1 - MainThread
2026-06-30 20:04:34,823[root] - INFO - Logging initialized, log file: /root/Repos/Mina-a-Assistente-Virtual-Do-G.E.R.A/logs/app.log - MainThread
2026-06-30 20:04:35,557[__main__] - INFO - Created qasync event loop - MainThread
2026-06-30 20:04:35,861[__main__] - INFO - Starting Xiaozhi GUI (standalone mode) - MainThread
2026-06-30 20:04:35,867[src.utils.system_optimizer] - INFO - Process scheduling priority set to high (nice=-15). - MainThread
2026-06-30 20:04:35,869[src.utils.system_optimizer] - INFO - CPU affinity successfully mapped to all 4 system cores. - MainThread
2026-06-30 20:04:35,872[src.utils.system_optimizer] - INFO - /tmp is mounted on tmpfs (RAM disk). Temporary audio writes are fully optimized. - MainThread
2026-06-30 20:04:35,875[src.utils.config_manager] - INFO - Config directory: /root/Repos/Mina-a-Assistente-Virtual-Do-G.E.R.A/config - MainThread
2026-06-30 20:04:35,878[src.utils.config_manager] - INFO - Config file: /root/Repos/Mina-a-Assistente-Virtual-Do-G.E.R.A/config/config.json - MainThread
2026-06-30 20:04:36,449[src.utils.tts_client] - INFO - Performing mDNS discovery for MinaTTS._http._tcp.local... - Dummy-2
2026-06-30 20:04:38,465[src.utils.tts_client] - WARNING - mDNS service MinaTTS._http._tcp.local not found (timeout) - Dummy-2
2026-06-30 20:04:39,610[src.utils.tts_client] - INFO - Local embedded TTS engine initialized (voice=pt-BR-FranciscaNeural, resolved_remote=None) - MainThread
2026-06-30 20:04:39,613[__main__] - INFO - TTS client ready (enabled=True) - MainThread
2026-06-30 20:04:46,251[__main__] - INFO - GUI started successfully - MainThread
2026-06-30 20:07:27,005[GuiDisplay] - INFO - 开始退出应用程序... - MainThread
2026-06-30 20:07:27,010[src.utils.stt_client] - INFO - Shutting down native STT - Dummy-3
2026-06-30 20:07:27,062[GuiDisplay] - INFO - 开始退出应用程序... - MainThread
2026-06-30 20:07:27,070[__main__] - INFO - GUI closed before loop completion - MainThread
2026-06-30 20:07:35,625[root] - INFO - Logging initialized, log file: /root/Repos/Mina-a-Assistente-Virtual-Do-G.E.R.A/logs/app.log - MainThread
2026-06-30 20:07:35,938[__main__] - INFO - Created qasync event loop - MainThread
2026-06-30 20:07:35,975[__main__] - INFO - Starting Xiaozhi GUI (standalone mode) - MainThread
2026-06-30 20:07:35,977[src.utils.system_optimizer] - INFO - Process scheduling priority set to high (nice=-15). - MainThread
2026-06-30 20:07:35,979[src.utils.system_optimizer] - INFO - CPU affinity successfully mapped to all 4 system cores. - MainThread
2026-06-30 20:07:35,982[src.utils.system_optimizer] - INFO - /tmp is mounted on tmpfs (RAM disk). Temporary audio writes are fully optimized. - MainThread
2026-06-30 20:07:35,985[src.utils.config_manager] - INFO - Config directory: /root/Repos/Mina-a-Assistente-Virtual-Do-G.E.R.A/config - MainThread
2026-06-30 20:07:35,987[src.utils.config_manager] - INFO - Config file: /root/Repos/Mina-a-Assistente-Virtual-Do-G.E.R.A/config/config.json - MainThread
2026-06-30 20:07:36,352[src.utils.tts_client] - INFO - Performing mDNS discovery for MinaTTS._http._tcp.local... - Dummy-2
2026-06-30 20:07:38,363[src.utils.tts_client] - WARNING - mDNS service MinaTTS._http._tcp.local not found (timeout) - Dummy-2
2026-06-30 20:07:39,496[src.utils.tts_client] - INFO - Local embedded TTS engine initialized (voice=pt-BR-FranciscaNeural, resolved_remote=None) - MainThread
2026-06-30 20:07:39,498[__main__] - INFO - TTS client ready (enabled=True) - MainThread
2026-06-30 20:07:42,578[__main__] - INFO - GUI started successfully - MainThread
