2026-05-19 22:12:26,904[root] - INFO - Logging initialized, log file: /root/Repos/Mina-a-Assistente-Virtual-Do-G.E.R.A/logs/app.log - MainThread
2026-05-19 22:12:37,769[root] - INFO - Logging initialized, log file: /root/Repos/Mina-a-Assistente-Virtual-Do-G.E.R.A/logs/app.log - MainThread
2026-05-19 22:12:37,857[__main__] - INFO - Created qasync event loop - MainThread
2026-05-19 22:12:37,948[__main__] - INFO - Starting Xiaozhi GUI (standalone mode) - MainThread
2026-05-19 22:12:37,951[src.utils.config_manager] - INFO - Config directory: /root/Repos/Mina-a-Assistente-Virtual-Do-G.E.R.A/config - MainThread
2026-05-19 22:12:37,953[src.utils.config_manager] - INFO - Config file: /root/Repos/Mina-a-Assistente-Virtual-Do-G.E.R.A/config/config.json - MainThread
2026-05-19 22:12:37,985[src.utils.tts_client] - WARNING - TTS server unreachable (http://localhost:8000): Cannot connect to host localhost:8000 ssl:default [Multiple exceptions: [Errno 111] Connect call failed ('::1', 8000, 0, 0), [Errno 111] Connect call failed ('127.0.0.1', 8000)] - MainThread
2026-05-19 22:12:37,987[__main__] - INFO - TTS client ready (enabled=False) - MainThread
2026-05-19 22:12:39,012[__main__] - INFO - GUI started successfully - MainThread
2026-05-19 22:13:27,937[GuiDisplay] - INFO - 开始退出应用程序... - MainThread
2026-05-19 22:13:27,941[src.utils.stt_client] - INFO - Shutting down native STT - Dummy-1
2026-05-19 22:13:28,004[__main__] - INFO - GUI closed before loop completion - MainThread
2026-05-19 22:13:28,247[qasync._QEventLoop] - ERROR - Task was destroyed but it is pending!
task: <Task pending name='Task-1' coro=<run_gui() running at /root/Repos/Mina-a-Assistente-Virtual-Do-G.E.R.A/main_gui.py:339> wait_for=<Future pending cb=[_chain_future.<locals>._call_check_cancel() at /usr/lib/python3.13/asyncio/futures.py:384, Task.task_wakeup()]>> - MainThread
2026-05-19 22:13:28,251[qasync._QEventLoop] - ERROR - Unclosed client session
client_session: <aiohttp.client.ClientSession object at 0xa5cae030> - MainThread
2026-05-19 22:13:28,252[src.utils.stt_client] - INFO - Shutting down native STT - MainThread
2026-05-19 22:22:00,327[root] - INFO - Logging initialized, log file: /root/Repos/Mina-a-Assistente-Virtual-Do-G.E.R.A/logs/app.log - MainThread
2026-05-19 22:22:00,392[__main__] - INFO - Created qasync event loop - MainThread
2026-05-19 22:22:00,406[__main__] - INFO - Starting Xiaozhi GUI (standalone mode) - MainThread
2026-05-19 22:22:00,409[src.utils.config_manager] - INFO - Config directory: /root/Repos/Mina-a-Assistente-Virtual-Do-G.E.R.A/config - MainThread
2026-05-19 22:22:00,411[src.utils.config_manager] - INFO - Config file: /root/Repos/Mina-a-Assistente-Virtual-Do-G.E.R.A/config/config.json - MainThread
2026-05-19 22:22:00,442[src.utils.tts_client] - WARNING - TTS server unreachable (http://localhost:8000): Cannot connect to host localhost:8000 ssl:default [Multiple exceptions: [Errno 111] Connect call failed ('::1', 8000, 0, 0), [Errno 111] Connect call failed ('127.0.0.1', 8000)] - MainThread
2026-05-19 22:22:00,443[__main__] - INFO - TTS client ready (enabled=False) - MainThread
2026-05-19 22:22:01,485[__main__] - INFO - GUI started successfully - MainThread
2026-05-19 22:36:00,003[GuiDisplay] - INFO - 开始退出应用程序... - MainThread
2026-05-19 22:36:00,010[src.utils.stt_client] - INFO - Shutting down native STT - Dummy-1
2026-05-19 22:36:00,110[__main__] - INFO - GUI closed before loop completion - MainThread
2026-05-19 22:36:01,007[qasync._QEventLoop] - ERROR - Task was destroyed but it is pending!
task: <Task pending name='Task-1' coro=<run_gui() running at /root/Repos/Mina-a-Assistente-Virtual-Do-G.E.R.A/main_gui.py:339> wait_for=<Future pending cb=[_chain_future.<locals>._call_check_cancel() at /usr/lib/python3.13/asyncio/futures.py:384, Task.task_wakeup()]>> - MainThread
2026-05-19 22:36:01,010[qasync._QEventLoop] - ERROR - Unclosed client session
client_session: <aiohttp.client.ClientSession object at 0xa5d3f030> - MainThread
2026-05-19 22:36:01,011[src.utils.stt_client] - INFO - Shutting down native STT - MainThread
2026-05-19 22:36:13,044[root] - INFO - Logging initialized, log file: /root/Repos/Mina-a-Assistente-Virtual-Do-G.E.R.A/logs/app.log - MainThread
2026-05-19 22:36:13,165[__main__] - INFO - Created qasync event loop - MainThread
2026-05-19 22:36:13,179[__main__] - INFO - Starting Xiaozhi GUI (standalone mode) - MainThread
2026-05-19 22:36:13,183[src.utils.config_manager] - INFO - Config directory: /root/Repos/Mina-a-Assistente-Virtual-Do-G.E.R.A/config - MainThread
2026-05-19 22:36:13,184[src.utils.config_manager] - INFO - Config file: /root/Repos/Mina-a-Assistente-Virtual-Do-G.E.R.A/config/config.json - MainThread
2026-05-19 22:36:13,215[src.utils.tts_client] - WARNING - TTS server unreachable (http://localhost:8000): Cannot connect to host localhost:8000 ssl:default [Multiple exceptions: [Errno 111] Connect call failed ('::1', 8000, 0, 0), [Errno 111] Connect call failed ('127.0.0.1', 8000)] - MainThread
2026-05-19 22:36:13,216[__main__] - INFO - TTS client ready (enabled=False) - MainThread
2026-05-19 22:36:15,234[__main__] - INFO - GUI started successfully - MainThread
