2026-04-28 15:49:55,498[__main__] - ERROR - Chat error: GROQ_API_KEY is not set - MainThread
Traceback (most recent call last):
  File "/root/Repos/Mina-a-Assistente-Virtual-Do-G.E.R.A/main_gui.py", line 275, in handle_send_text
    final_text = await chat_bridge.send_and_stream(
                 ^^^^^^^^^^^^^^^^^^^^^^^^^^^^^^^^^^
        text, on_chunk=on_chunk, on_emotion=on_emotion, on_control=on_control
        ^^^^^^^^^^^^^^^^^^^^^^^^^^^^^^^^^^^^^^^^^^^^^^^^^^^^^^^^^^^^^^^^^^^^^
    )
    ^
  File "/root/Repos/Mina-a-Assistente-Virtual-Do-G.E.R.A/src/utils/chat_bridge.py", line 284, in send_and_stream
    return await self._send_and_stream_groq(
           ^^^^^^^^^^^^^^^^^^^^^^^^^^^^^^^^^
    ...<5 lines>...
    )
    ^
  File "/root/Repos/Mina-a-Assistente-Virtual-Do-G.E.R.A/src/utils/chat_bridge.py", line 193, in _send_and_stream_groq
    raise RuntimeError("GROQ_API_KEY is not set")
RuntimeError: GROQ_API_KEY is not set
2026-04-28 15:50:34,428[root] - INFO - Logging initialized, log file: /root/Repos/Mina-a-Assistente-Virtual-Do-G.E.R.A/logs/app.log - MainThread
2026-04-28 15:50:34,864[__main__] - INFO - Created qasync event loop - MainThread
2026-04-28 15:50:34,914[__main__] - INFO - Starting Xiaozhi GUI (standalone mode) - MainThread
2026-04-28 15:50:34,922[src.utils.config_manager] - INFO - Config directory: /root/Repos/Mina-a-Assistente-Virtual-Do-G.E.R.A/config - MainThread
2026-04-28 15:50:34,924[src.utils.config_manager] - INFO - Config file: /root/Repos/Mina-a-Assistente-Virtual-Do-G.E.R.A/config/config.json - MainThread
2026-04-28 15:50:34,969[src.utils.tts_client] - WARNING - TTS server unreachable (http://localhost:8000): Cannot connect to host localhost:8000 ssl:default [Multiple exceptions: [Errno 111] Connect call failed ('::1', 8000, 0, 0), [Errno 111] Connect call failed ('127.0.0.1', 8000)] - MainThread
2026-04-28 15:50:34,971[__main__] - INFO - TTS client ready (enabled=False) - MainThread
2026-04-28 15:50:44,042[root] - INFO - Logging initialized, log file: /root/Repos/Mina-a-Assistente-Virtual-Do-G.E.R.A/logs/app.log - MainThread
2026-04-28 15:50:44,107[__main__] - INFO - Created qasync event loop - MainThread
2026-04-28 15:50:44,124[__main__] - INFO - Starting Xiaozhi GUI (standalone mode) - MainThread
2026-04-28 15:50:44,127[src.utils.config_manager] - INFO - Config directory: /root/Repos/Mina-a-Assistente-Virtual-Do-G.E.R.A/config - MainThread
2026-04-28 15:50:44,128[src.utils.config_manager] - INFO - Config file: /root/Repos/Mina-a-Assistente-Virtual-Do-G.E.R.A/config/config.json - MainThread
2026-04-28 15:50:44,159[src.utils.tts_client] - WARNING - TTS server unreachable (http://localhost:8000): Cannot connect to host localhost:8000 ssl:default [Multiple exceptions: [Errno 111] Connect call failed ('::1', 8000, 0, 0), [Errno 111] Connect call failed ('127.0.0.1', 8000)] - MainThread
2026-04-28 15:50:44,161[__main__] - INFO - TTS client ready (enabled=False) - MainThread
2026-04-28 15:52:35,023[root] - INFO - Logging initialized, log file: /root/Repos/Mina-a-Assistente-Virtual-Do-G.E.R.A/logs/app.log - MainThread
2026-04-28 15:52:35,090[__main__] - INFO - Created qasync event loop - MainThread
2026-04-28 15:52:35,113[__main__] - INFO - Starting Xiaozhi GUI (standalone mode) - MainThread
2026-04-28 15:52:35,117[src.utils.config_manager] - INFO - Config directory: /root/Repos/Mina-a-Assistente-Virtual-Do-G.E.R.A/config - MainThread
2026-04-28 15:52:35,118[src.utils.config_manager] - INFO - Config file: /root/Repos/Mina-a-Assistente-Virtual-Do-G.E.R.A/config/config.json - MainThread
2026-04-28 15:52:35,151[src.utils.tts_client] - WARNING - TTS server unreachable (http://localhost:8000): Cannot connect to host localhost:8000 ssl:default [Multiple exceptions: [Errno 111] Connect call failed ('::1', 8000, 0, 0), [Errno 111] Connect call failed ('127.0.0.1', 8000)] - MainThread
2026-04-28 15:52:35,152[__main__] - INFO - TTS client ready (enabled=False) - MainThread
2026-04-28 15:52:36,465[__main__] - INFO - GUI started successfully - MainThread
2026-04-28 15:53:03,736[__main__] - ERROR - Chat error: GROQ_API_KEY is not set - MainThread
Traceback (most recent call last):
  File "/root/Repos/Mina-a-Assistente-Virtual-Do-G.E.R.A/main_gui.py", line 275, in handle_send_text
    final_text = await chat_bridge.send_and_stream(
                 ^^^^^^^^^^^^^^^^^^^^^^^^^^^^^^^^^^
        text, on_chunk=on_chunk, on_emotion=on_emotion, on_control=on_control
        ^^^^^^^^^^^^^^^^^^^^^^^^^^^^^^^^^^^^^^^^^^^^^^^^^^^^^^^^^^^^^^^^^^^^^
    )
    ^
  File "/root/Repos/Mina-a-Assistente-Virtual-Do-G.E.R.A/src/utils/chat_bridge.py", line 284, in send_and_stream
    return await self._send_and_stream_groq(
           ^^^^^^^^^^^^^^^^^^^^^^^^^^^^^^^^^
    ...<5 lines>...
    )
    ^
  File "/root/Repos/Mina-a-Assistente-Virtual-Do-G.E.R.A/src/utils/chat_bridge.py", line 193, in _send_and_stream_groq
    raise RuntimeError("GROQ_API_KEY is not set")
RuntimeError: GROQ_API_KEY is not set
2026-04-28 15:53:09,191[__main__] - ERROR - Chat error: GROQ_API_KEY is not set - MainThread
Traceback (most recent call last):
  File "/root/Repos/Mina-a-Assistente-Virtual-Do-G.E.R.A/main_gui.py", line 275, in handle_send_text
    final_text = await chat_bridge.send_and_stream(
                 ^^^^^^^^^^^^^^^^^^^^^^^^^^^^^^^^^^
        text, on_chunk=on_chunk, on_emotion=on_emotion, on_control=on_control
        ^^^^^^^^^^^^^^^^^^^^^^^^^^^^^^^^^^^^^^^^^^^^^^^^^^^^^^^^^^^^^^^^^^^^^
    )
    ^
  File "/root/Repos/Mina-a-Assistente-Virtual-Do-G.E.R.A/src/utils/chat_bridge.py", line 284, in send_and_stream
    return await self._send_and_stream_groq(
           ^^^^^^^^^^^^^^^^^^^^^^^^^^^^^^^^^
    ...<5 lines>...
    )
    ^
  File "/root/Repos/Mina-a-Assistente-Virtual-Do-G.E.R.A/src/utils/chat_bridge.py", line 193, in _send_and_stream_groq
    raise RuntimeError("GROQ_API_KEY is not set")
RuntimeError: GROQ_API_KEY is not set
2026-04-28 15:57:21,310[__main__] - ERROR - Chat error: GROQ_API_KEY is not set - MainThread
Traceback (most recent call last):
  File "/root/Repos/Mina-a-Assistente-Virtual-Do-G.E.R.A/main_gui.py", line 275, in handle_send_text
    final_text = await chat_bridge.send_and_stream(
                 ^^^^^^^^^^^^^^^^^^^^^^^^^^^^^^^^^^
        text, on_chunk=on_chunk, on_emotion=on_emotion, on_control=on_control
        ^^^^^^^^^^^^^^^^^^^^^^^^^^^^^^^^^^^^^^^^^^^^^^^^^^^^^^^^^^^^^^^^^^^^^
    )
    ^
  File "/root/Repos/Mina-a-Assistente-Virtual-Do-G.E.R.A/src/utils/chat_bridge.py", line 284, in send_and_stream
    return await self._send_and_stream_groq(
           ^^^^^^^^^^^^^^^^^^^^^^^^^^^^^^^^^
    ...<5 lines>...
    )
    ^
  File "/root/Repos/Mina-a-Assistente-Virtual-Do-G.E.R.A/src/utils/chat_bridge.py", line 193, in _send_and_stream_groq
    raise RuntimeError("GROQ_API_KEY is not set")
RuntimeError: GROQ_API_KEY is not set
2026-04-28 15:57:51,113[root] - INFO - Logging initialized, log file: /root/Repos/Mina-a-Assistente-Virtual-Do-G.E.R.A/logs/app.log - MainThread
2026-04-28 15:57:51,184[__main__] - INFO - Created qasync event loop - MainThread
2026-04-28 15:57:51,207[__main__] - INFO - Starting Xiaozhi GUI (standalone mode) - MainThread
2026-04-28 15:57:51,211[src.utils.config_manager] - INFO - Config directory: /root/Repos/Mina-a-Assistente-Virtual-Do-G.E.R.A/config - MainThread
2026-04-28 15:57:51,213[src.utils.config_manager] - INFO - Config file: /root/Repos/Mina-a-Assistente-Virtual-Do-G.E.R.A/config/config.json - MainThread
2026-04-28 15:57:51,245[src.utils.tts_client] - WARNING - TTS server unreachable (http://localhost:8000): Cannot connect to host localhost:8000 ssl:default [Multiple exceptions: [Errno 111] Connect call failed ('::1', 8000, 0, 0), [Errno 111] Connect call failed ('127.0.0.1', 8000)] - MainThread
2026-04-28 15:57:51,247[__main__] - INFO - TTS client ready (enabled=False) - MainThread
2026-04-28 15:57:52,395[__main__] - INFO - GUI started successfully - MainThread
