2026-05-18 16:43:57,062[root] - INFO - Logging initialized, log file: /root/Repos/Mina-a-Assistente-Virtual-Do-G.E.R.A/logs/app.log - MainThread
2026-05-18 16:44:07,515[root] - INFO - Logging initialized, log file: /root/Repos/Mina-a-Assistente-Virtual-Do-G.E.R.A/logs/app.log - MainThread
2026-05-18 16:44:07,684[__main__] - INFO - Created qasync event loop - MainThread
2026-05-18 16:44:07,819[__main__] - INFO - Starting Xiaozhi GUI (standalone mode) - MainThread
2026-05-18 16:44:07,823[src.utils.config_manager] - INFO - Config directory: /root/Repos/Mina-a-Assistente-Virtual-Do-G.E.R.A/config - MainThread
2026-05-18 16:44:07,824[src.utils.config_manager] - INFO - Config file: /root/Repos/Mina-a-Assistente-Virtual-Do-G.E.R.A/config/config.json - MainThread
2026-05-18 16:44:07,863[src.utils.tts_client] - WARNING - TTS server unreachable (http://localhost:8000): Cannot connect to host localhost:8000 ssl:default [Multiple exceptions: [Errno 111] Connect call failed ('::1', 8000, 0, 0), [Errno 111] Connect call failed ('127.0.0.1', 8000)] - MainThread
2026-05-18 16:44:07,865[__main__] - INFO - TTS client ready (enabled=False) - MainThread
2026-05-18 16:44:10,131[__main__] - INFO - GUI started successfully - MainThread
2026-05-18 16:44:33,515[GuiDisplay] - INFO - 开始退出应用程序... - MainThread
2026-05-18 16:44:33,520[src.utils.stt_client] - INFO - Shutting down native STT - Dummy-1
2026-05-18 16:44:37,436[__main__] - INFO - GUI closed before loop completion - MainThread
2026-05-18 16:44:37,758[qasync._QEventLoop] - ERROR - Task was destroyed but it is pending!
task: <Task pending name='Task-1' coro=<run_gui() running at /root/Repos/Mina-a-Assistente-Virtual-Do-G.E.R.A/main_gui.py:339> wait_for=<Future pending cb=[_chain_future.<locals>._call_check_cancel() at /usr/lib/python3.13/asyncio/futures.py:384, Task.task_wakeup()]>> - MainThread
2026-05-18 16:45:23,779[root] - INFO - Logging initialized, log file: /root/Repos/Mina-a-Assistente-Virtual-Do-G.E.R.A/logs/app.log - MainThread
2026-05-18 16:45:23,844[__main__] - INFO - Created qasync event loop - MainThread
2026-05-18 16:45:23,858[__main__] - INFO - Starting Xiaozhi GUI (standalone mode) - MainThread
2026-05-18 16:45:23,861[src.utils.config_manager] - INFO - Config directory: /root/Repos/Mina-a-Assistente-Virtual-Do-G.E.R.A/config - MainThread
2026-05-18 16:45:23,862[src.utils.config_manager] - INFO - Config file: /root/Repos/Mina-a-Assistente-Virtual-Do-G.E.R.A/config/config.json - MainThread
2026-05-18 16:45:23,893[src.utils.tts_client] - WARNING - TTS server unreachable (http://localhost:8000): Cannot connect to host localhost:8000 ssl:default [Multiple exceptions: [Errno 111] Connect call failed ('::1', 8000, 0, 0), [Errno 111] Connect call failed ('127.0.0.1', 8000)] - MainThread
2026-05-18 16:45:23,894[__main__] - INFO - TTS client ready (enabled=False) - MainThread
2026-05-18 16:45:24,928[__main__] - INFO - GUI started successfully - MainThread
2026-05-18 16:49:28,064[GuiDisplay] - INFO - 开始退出应用程序... - MainThread
2026-05-18 16:49:28,068[src.utils.stt_client] - INFO - Shutting down native STT - Dummy-1
2026-05-18 16:49:28,116[__main__] - INFO - GUI closed before loop completion - MainThread
2026-05-18 16:49:38,965[root] - INFO - Logging initialized, log file: /root/Repos/Mina-a-Assistente-Virtual-Do-G.E.R.A/logs/app.log - MainThread
2026-05-18 16:49:39,029[__main__] - INFO - Created qasync event loop - MainThread
2026-05-18 16:49:39,043[__main__] - INFO - Starting Xiaozhi GUI (standalone mode) - MainThread
2026-05-18 16:49:39,046[src.utils.config_manager] - INFO - Config directory: /root/Repos/Mina-a-Assistente-Virtual-Do-G.E.R.A/config - MainThread
2026-05-18 16:49:39,048[src.utils.config_manager] - INFO - Config file: /root/Repos/Mina-a-Assistente-Virtual-Do-G.E.R.A/config/config.json - MainThread
2026-05-18 16:49:39,078[src.utils.tts_client] - WARNING - TTS server unreachable (http://localhost:8000): Cannot connect to host localhost:8000 ssl:default [Multiple exceptions: [Errno 111] Connect call failed ('::1', 8000, 0, 0), [Errno 111] Connect call failed ('127.0.0.1', 8000)] - MainThread
2026-05-18 16:49:39,080[__main__] - INFO - TTS client ready (enabled=False) - MainThread
2026-05-18 16:49:40,103[__main__] - INFO - GUI started successfully - MainThread
2026-05-18 16:56:25,568[GuiDisplay] - INFO - 开始退出应用程序... - MainThread
2026-05-18 16:56:25,573[src.utils.stt_client] - INFO - Shutting down native STT - Dummy-1
2026-05-18 16:56:25,620[__main__] - INFO - GUI closed before loop completion - MainThread
2026-05-18 16:56:25,920[qasync._QEventLoop] - ERROR - Task was destroyed but it is pending!
task: <Task pending name='Task-1' coro=<run_gui() running at /root/Repos/Mina-a-Assistente-Virtual-Do-G.E.R.A/main_gui.py:339> wait_for=<Future pending cb=[_chain_future.<locals>._call_check_cancel() at /usr/lib/python3.13/asyncio/futures.py:384, Task.task_wakeup()]>> - MainThread
2026-05-18 16:56:25,923[qasync._QEventLoop] - ERROR - Unclosed client session
client_session: <aiohttp.client.ClientSession object at 0xa5c6f030> - MainThread
2026-05-18 16:56:25,924[src.utils.stt_client] - INFO - Shutting down native STT - MainThread
2026-05-18 17:53:11,392[root] - INFO - Logging initialized, log file: /root/Repos/Mina-a-Assistente-Virtual-Do-G.E.R.A/logs/app.log - MainThread
2026-05-18 17:53:11,458[__main__] - INFO - Created qasync event loop - MainThread
2026-05-18 17:53:11,472[__main__] - INFO - Starting Xiaozhi GUI (standalone mode) - MainThread
2026-05-18 17:53:11,475[src.utils.config_manager] - INFO - Config directory: /root/Repos/Mina-a-Assistente-Virtual-Do-G.E.R.A/config - MainThread
2026-05-18 17:53:11,476[src.utils.config_manager] - INFO - Config file: /root/Repos/Mina-a-Assistente-Virtual-Do-G.E.R.A/config/config.json - MainThread
2026-05-18 17:53:11,507[src.utils.tts_client] - WARNING - TTS server unreachable (http://localhost:8000): Cannot connect to host localhost:8000 ssl:default [Multiple exceptions: [Errno 111] Connect call failed ('::1', 8000, 0, 0), [Errno 111] Connect call failed ('127.0.0.1', 8000)] - MainThread
2026-05-18 17:53:11,508[__main__] - INFO - TTS client ready (enabled=False) - MainThread
2026-05-18 17:53:12,530[__main__] - INFO - GUI started successfully - MainThread
2026-05-18 17:54:32,516[GuiDisplay] - INFO - 开始退出应用程序... - MainThread
2026-05-18 17:54:32,521[src.utils.stt_client] - INFO - Shutting down native STT - Dummy-1
2026-05-18 17:54:32,548[__main__] - INFO - GUI closed before loop completion - MainThread
2026-05-18 18:10:05,923[root] - INFO - Logging initialized, log file: /root/Repos/Mina-a-Assistente-Virtual-Do-G.E.R.A/logs/app.log - MainThread
2026-05-18 18:10:05,988[__main__] - INFO - Created qasync event loop - MainThread
2026-05-18 18:10:06,002[__main__] - INFO - Starting Xiaozhi GUI (standalone mode) - MainThread
2026-05-18 18:10:06,005[src.utils.config_manager] - INFO - Config directory: /root/Repos/Mina-a-Assistente-Virtual-Do-G.E.R.A/config - MainThread
2026-05-18 18:10:06,007[src.utils.config_manager] - INFO - Config file: /root/Repos/Mina-a-Assistente-Virtual-Do-G.E.R.A/config/config.json - MainThread
2026-05-18 18:10:06,038[src.utils.tts_client] - WARNING - TTS server unreachable (http://localhost:8000): Cannot connect to host localhost:8000 ssl:default [Multiple exceptions: [Errno 111] Connect call failed ('::1', 8000, 0, 0), [Errno 111] Connect call failed ('127.0.0.1', 8000)] - MainThread
2026-05-18 18:10:06,039[__main__] - INFO - TTS client ready (enabled=False) - MainThread
2026-05-18 18:10:07,065[__main__] - INFO - GUI started successfully - MainThread
2026-05-18 20:45:55,066[root] - INFO - Logging initialized, log file: /root/Repos/Mina-a-Assistente-Virtual-Do-G.E.R.A/logs/app.log - MainThread
2026-05-18 20:45:55,132[__main__] - INFO - Created qasync event loop - MainThread
2026-05-18 20:45:55,210[__main__] - INFO - Starting Xiaozhi GUI (standalone mode) - MainThread
2026-05-18 20:45:55,214[src.utils.config_manager] - INFO - Config directory: /root/Repos/Mina-a-Assistente-Virtual-Do-G.E.R.A/config - MainThread
2026-05-18 20:45:55,215[src.utils.config_manager] - INFO - Config file: /root/Repos/Mina-a-Assistente-Virtual-Do-G.E.R.A/config/config.json - MainThread
2026-05-18 20:45:55,247[src.utils.tts_client] - WARNING - TTS server unreachable (http://localhost:8000): Cannot connect to host localhost:8000 ssl:default [Multiple exceptions: [Errno 111] Connect call failed ('::1', 8000, 0, 0), [Errno 111] Connect call failed ('127.0.0.1', 8000)] - MainThread
2026-05-18 20:45:55,248[__main__] - INFO - TTS client ready (enabled=False) - MainThread
2026-05-18 20:45:56,273[__main__] - INFO - GUI started successfully - MainThread
2026-05-18 20:46:55,938[GuiDisplay] - INFO - 开始退出应用程序... - MainThread
2026-05-18 20:46:55,942[src.utils.stt_client] - INFO - Shutting down native STT - Dummy-1
2026-05-18 20:46:55,990[__main__] - INFO - GUI closed before loop completion - MainThread
2026-05-18 20:46:56,333[qasync._QEventLoop] - ERROR - Task was destroyed but it is pending!
task: <Task pending name='Task-1' coro=<run_gui() running at /root/Repos/Mina-a-Assistente-Virtual-Do-G.E.R.A/main_gui.py:339> wait_for=<Future pending cb=[_chain_future.<locals>._call_check_cancel() at /usr/lib/python3.13/asyncio/futures.py:384, Task.task_wakeup()]>> - MainThread
2026-05-18 20:46:56,336[qasync._QEventLoop] - ERROR - Unclosed client session
client_session: <aiohttp.client.ClientSession object at 0xa5c8f030> - MainThread
2026-05-18 20:46:56,337[src.utils.stt_client] - INFO - Shutting down native STT - MainThread
2026-05-18 20:50:06,133[root] - INFO - Logging initialized, log file: /root/Repos/Mina-a-Assistente-Virtual-Do-G.E.R.A/logs/app.log - MainThread
2026-05-18 20:50:06,198[__main__] - INFO - Created qasync event loop - MainThread
2026-05-18 20:50:06,212[__main__] - INFO - Starting Xiaozhi GUI (standalone mode) - MainThread
2026-05-18 20:50:06,215[src.utils.config_manager] - INFO - Config directory: /root/Repos/Mina-a-Assistente-Virtual-Do-G.E.R.A/config - MainThread
2026-05-18 20:50:06,216[src.utils.config_manager] - INFO - Config file: /root/Repos/Mina-a-Assistente-Virtual-Do-G.E.R.A/config/config.json - MainThread
2026-05-18 20:50:06,247[src.utils.tts_client] - WARNING - TTS server unreachable (http://localhost:8000): Cannot connect to host localhost:8000 ssl:default [Multiple exceptions: [Errno 111] Connect call failed ('::1', 8000, 0, 0), [Errno 111] Connect call failed ('127.0.0.1', 8000)] - MainThread
2026-05-18 20:50:06,249[__main__] - INFO - TTS client ready (enabled=False) - MainThread
2026-05-18 20:50:07,267[__main__] - INFO - GUI started successfully - MainThread
2026-05-18 20:50:15,435[GuiDisplay] - INFO - 开始退出应用程序... - MainThread
2026-05-18 20:50:15,440[src.utils.stt_client] - INFO - Shutting down native STT - Dummy-1
2026-05-18 20:50:18,230[__main__] - INFO - GUI closed before loop completion - MainThread
