2026-06-29 16:46:56,251[root] - INFO - Logging initialized, log file: /root/Repos/Mina-a-Assistente-Virtual-Do-G.E.R.A/logs/app.log - MainThread
2026-06-29 16:46:56,436[__main__] - INFO - Created qasync event loop - MainThread
2026-06-29 16:46:56,574[__main__] - INFO - Starting Xiaozhi GUI (standalone mode) - MainThread
2026-06-29 16:46:56,576[src.utils.config_manager] - INFO - Config directory: /root/Repos/Mina-a-Assistente-Virtual-Do-G.E.R.A/config - MainThread
2026-06-29 16:46:56,578[src.utils.config_manager] - INFO - Config file: /root/Repos/Mina-a-Assistente-Virtual-Do-G.E.R.A/config/config.json - MainThread
2026-06-29 16:46:56,614[src.utils.tts_client] - WARNING - TTS server unreachable (http://localhost:8000): Cannot connect to host localhost:8000 ssl:default [Multiple exceptions: [Errno 111] Connect call failed ('::1', 8000, 0, 0), [Errno 111] Connect call failed ('127.0.0.1', 8000)] - MainThread
2026-06-29 16:46:56,615[__main__] - INFO - TTS client ready (enabled=False) - MainThread
2026-06-29 16:46:58,351[__main__] - INFO - GUI started successfully - MainThread
2026-06-29 16:48:19,415[GuiDisplay] - INFO - 开始退出应用程序... - MainThread
2026-06-29 16:48:19,425[src.utils.stt_client] - INFO - Shutting down native STT - Dummy-1
2026-06-29 16:48:19,470[__main__] - INFO - GUI closed before loop completion - MainThread
2026-06-29 17:11:09,543[root] - INFO - Logging initialized, log file: /root/Repos/Mina-a-Assistente-Virtual-Do-G.E.R.A/logs/app.log - MainThread
2026-06-29 17:11:09,715[__main__] - INFO - Created qasync event loop - MainThread
2026-06-29 17:11:09,738[__main__] - INFO - Starting Xiaozhi GUI (standalone mode) - MainThread
2026-06-29 17:11:09,740[src.utils.config_manager] - INFO - Config directory: /root/Repos/Mina-a-Assistente-Virtual-Do-G.E.R.A/config - MainThread
2026-06-29 17:11:09,741[src.utils.config_manager] - INFO - Config file: /root/Repos/Mina-a-Assistente-Virtual-Do-G.E.R.A/config/config.json - MainThread
2026-06-29 17:11:25,404[src.utils.tts_client] - WARNING - TTS server unreachable (http://10.129.65.187:8000):  - MainThread
2026-06-29 17:14:02,031[root] - INFO - Logging initialized, log file: /root/Repos/Mina-a-Assistente-Virtual-Do-G.E.R.A/logs/app.log - MainThread
2026-06-29 17:14:02,097[__main__] - INFO - Created qasync event loop - MainThread
2026-06-29 17:14:02,111[__main__] - INFO - Starting Xiaozhi GUI (standalone mode) - MainThread
2026-06-29 17:14:02,113[src.utils.config_manager] - INFO - Config directory: /root/Repos/Mina-a-Assistente-Virtual-Do-G.E.R.A/config - MainThread
2026-06-29 17:14:02,115[src.utils.config_manager] - INFO - Config file: /root/Repos/Mina-a-Assistente-Virtual-Do-G.E.R.A/config/config.json - MainThread
2026-06-29 17:14:17,404[src.utils.tts_client] - WARNING - TTS server unreachable (http://10.129.65.187:8000):  - MainThread
2026-06-29 17:14:17,407[__main__] - INFO - TTS client ready (enabled=False) - MainThread
2026-06-29 17:14:19,108[__main__] - INFO - GUI started successfully - MainThread
2026-06-29 17:16:03,979[GuiDisplay] - INFO - 开始退出应用程序... - MainThread
2026-06-29 17:16:03,984[src.utils.stt_client] - INFO - Shutting down native STT - Dummy-1
2026-06-29 17:16:04,031[__main__] - INFO - GUI closed before loop completion - MainThread
2026-06-29 17:16:04,319[qasync._QEventLoop] - ERROR - Task was destroyed but it is pending!
task: <Task pending name='Task-1' coro=<run_gui() running at /root/Repos/Mina-a-Assistente-Virtual-Do-G.E.R.A/main_gui.py:339> wait_for=<Future pending cb=[_chain_future.<locals>._call_check_cancel() at /usr/lib/python3.13/asyncio/futures.py:384, Task.task_wakeup()]>> - MainThread
2026-06-29 17:16:04,324[qasync._QEventLoop] - ERROR - Unclosed client session
client_session: <aiohttp.client.ClientSession object at 0xa4d34030> - MainThread
2026-06-29 17:16:04,325[src.utils.stt_client] - INFO - Shutting down native STT - MainThread
2026-06-29 17:57:39,743[root] - INFO - Logging initialized, log file: /root/Repos/Mina-a-Assistente-Virtual-Do-G.E.R.A/logs/app.log - MainThread
2026-06-29 17:57:40,602[__main__] - INFO - Created qasync event loop - MainThread
2026-06-29 17:57:40,652[__main__] - INFO - Starting Xiaozhi GUI (standalone mode) - MainThread
2026-06-29 17:57:40,655[src.utils.config_manager] - INFO - Config directory: /root/Repos/Mina-a-Assistente-Virtual-Do-G.E.R.A/config - MainThread
2026-06-29 17:57:40,656[src.utils.config_manager] - INFO - Config file: /root/Repos/Mina-a-Assistente-Virtual-Do-G.E.R.A/config/config.json - MainThread
2026-06-29 17:57:56,403[src.utils.tts_client] - WARNING - TTS server unreachable (http://10.129.65.187:8000):  - MainThread
2026-06-29 17:57:56,404[__main__] - INFO - TTS client ready (enabled=False) - MainThread
2026-06-29 17:58:03,204[__main__] - INFO - GUI started successfully - MainThread
2026-06-29 18:10:04,166[root] - INFO - Logging initialized, log file: /root/Repos/Mina-a-Assistente-Virtual-Do-G.E.R.A/logs/app.log - MainThread
2026-06-29 18:10:04,507[__main__] - INFO - Created qasync event loop - MainThread
2026-06-29 18:10:04,532[__main__] - INFO - Starting Xiaozhi GUI (standalone mode) - MainThread
2026-06-29 18:10:04,534[src.utils.config_manager] - INFO - Config directory: /root/Repos/Mina-a-Assistente-Virtual-Do-G.E.R.A/config - MainThread
2026-06-29 18:10:04,536[src.utils.config_manager] - INFO - Config file: /root/Repos/Mina-a-Assistente-Virtual-Do-G.E.R.A/config/config.json - MainThread
2026-06-29 18:10:20,404[src.utils.tts_client] - WARNING - TTS server unreachable (http://10.129.65.187:8000):  - MainThread
2026-06-29 18:10:20,407[__main__] - INFO - TTS client ready (enabled=False) - MainThread
2026-06-29 18:10:24,064[__main__] - INFO - GUI started successfully - MainThread
2026-06-29 18:20:01,471[root] - INFO - Logging initialized, log file: /root/Repos/Mina-a-Assistente-Virtual-Do-G.E.R.A/logs/app.log - MainThread
2026-06-29 18:20:39,385[root] - INFO - Logging initialized, log file: /root/Repos/Mina-a-Assistente-Virtual-Do-G.E.R.A/logs/app.log - MainThread
2026-06-29 18:20:39,466[__main__] - INFO - Created qasync event loop - MainThread
2026-06-29 18:20:39,480[__main__] - INFO - Starting Xiaozhi GUI (standalone mode) - MainThread
2026-06-29 18:20:39,483[src.utils.config_manager] - INFO - Config directory: /root/Repos/Mina-a-Assistente-Virtual-Do-G.E.R.A/config - MainThread
2026-06-29 18:20:39,485[src.utils.config_manager] - INFO - Config file: /root/Repos/Mina-a-Assistente-Virtual-Do-G.E.R.A/config/config.json - MainThread
2026-06-29 18:20:55,404[src.utils.tts_client] - WARNING - TTS server unreachable (http://10.129.65.187:8000):  - MainThread
2026-06-29 18:20:55,407[__main__] - INFO - TTS client ready (enabled=False) - MainThread
2026-06-29 18:22:29,109[root] - INFO - Logging initialized, log file: /root/Repos/Mina-a-Assistente-Virtual-Do-G.E.R.A/logs/app.log - MainThread
2026-06-29 18:22:29,176[__main__] - INFO - Created qasync event loop - MainThread
2026-06-29 18:22:29,187[__main__] - INFO - Starting Xiaozhi GUI (standalone mode) - MainThread
2026-06-29 18:22:29,188[src.utils.system_optimizer] - INFO - Process scheduling priority set to high (nice=-15). - MainThread
2026-06-29 18:22:29,189[src.utils.system_optimizer] - INFO - CPU affinity successfully mapped to all 4 system cores. - MainThread
2026-06-29 18:22:29,191[src.utils.system_optimizer] - INFO - /tmp is mounted on tmpfs (RAM disk). Temporary audio writes are fully optimized. - MainThread
2026-06-29 18:22:29,193[src.utils.config_manager] - INFO - Config directory: /root/Repos/Mina-a-Assistente-Virtual-Do-G.E.R.A/config - MainThread
2026-06-29 18:22:29,194[src.utils.config_manager] - INFO - Config file: /root/Repos/Mina-a-Assistente-Virtual-Do-G.E.R.A/config/config.json - MainThread
2026-06-29 18:22:44,404[src.utils.tts_client] - WARNING - TTS server unreachable (http://10.129.65.187:8000):  - MainThread
2026-06-29 18:22:44,407[__main__] - INFO - TTS client ready (enabled=False) - MainThread
2026-06-29 18:30:08,942[root] - INFO - Logging initialized, log file: /root/Repos/Mina-a-Assistente-Virtual-Do-G.E.R.A/logs/app.log - MainThread
2026-06-29 18:30:09,007[__main__] - INFO - Created qasync event loop - MainThread
2026-06-29 18:30:09,017[__main__] - INFO - Starting Xiaozhi GUI (standalone mode) - MainThread
2026-06-29 18:30:09,019[src.utils.system_optimizer] - INFO - Process scheduling priority set to high (nice=-15). - MainThread
2026-06-29 18:30:09,020[src.utils.system_optimizer] - INFO - CPU affinity successfully mapped to all 4 system cores. - MainThread
2026-06-29 18:30:09,022[src.utils.system_optimizer] - INFO - /tmp is mounted on tmpfs (RAM disk). Temporary audio writes are fully optimized. - MainThread
2026-06-29 18:30:09,024[src.utils.config_manager] - INFO - Config directory: /root/Repos/Mina-a-Assistente-Virtual-Do-G.E.R.A/config - MainThread
2026-06-29 18:30:09,026[src.utils.config_manager] - INFO - Config file: /root/Repos/Mina-a-Assistente-Virtual-Do-G.E.R.A/config/config.json - MainThread
2026-06-29 18:30:24,403[src.utils.tts_client] - WARNING - TTS server unreachable (http://10.129.65.187:8000):  - MainThread
2026-06-29 18:30:24,406[__main__] - INFO - TTS client ready (enabled=False) - MainThread
2026-06-29 18:30:25,543[__main__] - INFO - GUI started successfully - MainThread
