2026-04-30 14:40:42,291[GuiDisplay] - INFO - 开始退出应用程序... - MainThread
2026-04-30 14:40:42,297[src.utils.stt_client] - INFO - Shutting down native STT - Dummy-1
2026-04-30 14:40:43,297[__main__] - INFO - GUI closed before loop completion - MainThread
2026-04-30 15:41:25,257[root] - INFO - Logging initialized, log file: /root/Repos/Mina-a-Assistente-Virtual-Do-G.E.R.A/logs/app.log - MainThread
2026-04-30 15:41:35,125[root] - INFO - Logging initialized, log file: /root/Repos/Mina-a-Assistente-Virtual-Do-G.E.R.A/logs/app.log - MainThread
2026-04-30 15:41:55,111[root] - INFO - Logging initialized, log file: /root/Repos/Mina-a-Assistente-Virtual-Do-G.E.R.A/logs/app.log - MainThread
2026-04-30 15:41:55,176[__main__] - INFO - Created qasync event loop - MainThread
2026-04-30 15:41:55,190[__main__] - INFO - Starting Xiaozhi GUI (standalone mode) - MainThread
2026-04-30 15:41:55,193[src.utils.config_manager] - INFO - Config directory: /root/Repos/Mina-a-Assistente-Virtual-Do-G.E.R.A/config - MainThread
2026-04-30 15:41:55,195[src.utils.config_manager] - INFO - Config file: /root/Repos/Mina-a-Assistente-Virtual-Do-G.E.R.A/config/config.json - MainThread
2026-04-30 15:41:55,226[src.utils.tts_client] - WARNING - TTS server unreachable (http://localhost:8000): Cannot connect to host localhost:8000 ssl:default [Multiple exceptions: [Errno 111] Connect call failed ('::1', 8000, 0, 0), [Errno 111] Connect call failed ('127.0.0.1', 8000)] - MainThread
2026-04-30 15:41:55,227[__main__] - INFO - TTS client ready (enabled=False) - MainThread
2026-04-30 15:41:56,275[__main__] - INFO - GUI started successfully - MainThread
2026-04-30 15:42:47,309[GuiDisplay] - INFO - 开始退出应用程序... - MainThread
2026-04-30 15:42:47,314[src.utils.stt_client] - INFO - Shutting down native STT - Dummy-1
2026-04-30 15:42:47,385[__main__] - INFO - GUI closed before loop completion - MainThread
2026-04-30 15:42:47,685[qasync._QEventLoop] - ERROR - Task was destroyed but it is pending!
task: <Task pending name='Task-1' coro=<run_gui() running at /root/Repos/Mina-a-Assistente-Virtual-Do-G.E.R.A/main_gui.py:339> wait_for=<Future pending cb=[_chain_future.<locals>._call_check_cancel() at /usr/lib/python3.13/asyncio/futures.py:384, Task.task_wakeup()]>> - MainThread
2026-04-30 15:42:47,688[qasync._QEventLoop] - ERROR - Unclosed client session
client_session: <aiohttp.client.ClientSession object at 0xa5d1e030> - MainThread
2026-04-30 15:42:47,689[src.utils.stt_client] - INFO - Shutting down native STT - MainThread
