2026-06-24 14:23:52,649[root] - INFO - Logging initialized, log file: /root/Repos/Mina-a-Assistente-Virtual-Do-G.E.R.A/logs/app.log - MainThread
2026-06-24 14:23:53,235[__main__] - INFO - Created qasync event loop - MainThread
2026-06-24 14:23:53,315[__main__] - INFO - Starting Xiaozhi GUI (standalone mode) - MainThread
2026-06-24 14:23:53,319[src.utils.config_manager] - INFO - Config directory: /root/Repos/Mina-a-Assistente-Virtual-Do-G.E.R.A/config - MainThread
2026-06-24 14:23:53,320[src.utils.config_manager] - INFO - Config file: /root/Repos/Mina-a-Assistente-Virtual-Do-G.E.R.A/config/config.json - MainThread
2026-06-24 14:23:53,359[src.utils.tts_client] - WARNING - TTS server unreachable (http://localhost:8000): Cannot connect to host localhost:8000 ssl:default [Multiple exceptions: [Errno 111] Connect call failed ('::1', 8000, 0, 0), [Errno 111] Connect call failed ('127.0.0.1', 8000)] - MainThread
2026-06-24 14:23:53,361[__main__] - INFO - TTS client ready (enabled=False) - MainThread
2026-06-24 14:23:56,279[__main__] - INFO - GUI started successfully - MainThread
2026-06-24 14:27:34,818[root] - INFO - Logging initialized, log file: /root/Repos/Mina-a-Assistente-Virtual-Do-G.E.R.A/logs/app.log - MainThread
2026-06-24 14:27:35,038[__main__] - INFO - Created qasync event loop - MainThread
2026-06-24 14:27:35,066[__main__] - INFO - Starting Xiaozhi GUI (standalone mode) - MainThread
2026-06-24 14:27:35,070[src.utils.config_manager] - INFO - Config directory: /root/Repos/Mina-a-Assistente-Virtual-Do-G.E.R.A/config - MainThread
2026-06-24 14:27:35,071[src.utils.config_manager] - INFO - Config file: /root/Repos/Mina-a-Assistente-Virtual-Do-G.E.R.A/config/config.json - MainThread
2026-06-24 14:27:35,108[src.utils.tts_client] - WARNING - TTS server unreachable (http://localhost:8000): Cannot connect to host localhost:8000 ssl:default [Multiple exceptions: [Errno 111] Connect call failed ('::1', 8000, 0, 0), [Errno 111] Connect call failed ('127.0.0.1', 8000)] - MainThread
2026-06-24 14:27:35,110[__main__] - INFO - TTS client ready (enabled=False) - MainThread
2026-06-24 14:27:36,532[__main__] - INFO - GUI started successfully - MainThread
2026-06-24 14:40:47,461[root] - INFO - Logging initialized, log file: /root/Repos/Mina-a-Assistente-Virtual-Do-G.E.R.A/logs/app.log - MainThread
2026-06-24 14:40:47,530[__main__] - INFO - Created qasync event loop - MainThread
2026-06-24 14:40:47,554[__main__] - INFO - Starting Xiaozhi GUI (standalone mode) - MainThread
2026-06-24 14:40:47,558[src.utils.config_manager] - INFO - Config directory: /root/Repos/Mina-a-Assistente-Virtual-Do-G.E.R.A/config - MainThread
2026-06-24 14:40:47,560[src.utils.config_manager] - INFO - Config file: /root/Repos/Mina-a-Assistente-Virtual-Do-G.E.R.A/config/config.json - MainThread
2026-06-24 14:40:47,594[src.utils.tts_client] - WARNING - TTS server unreachable (http://localhost:8000): Cannot connect to host localhost:8000 ssl:default [Multiple exceptions: [Errno 111] Connect call failed ('::1', 8000, 0, 0), [Errno 111] Connect call failed ('127.0.0.1', 8000)] - MainThread
2026-06-24 14:40:47,596[__main__] - INFO - TTS client ready (enabled=False) - MainThread
2026-06-24 14:40:48,869[__main__] - INFO - GUI started successfully - MainThread
2026-06-24 18:37:54,875[root] - INFO - Logging initialized, log file: /root/Repos/Mina-a-Assistente-Virtual-Do-G.E.R.A/logs/app.log - MainThread
2026-06-24 18:38:16,969[root] - INFO - Logging initialized, log file: /root/Repos/Mina-a-Assistente-Virtual-Do-G.E.R.A/logs/app.log - MainThread
2026-06-24 18:38:17,347[__main__] - INFO - Created qasync event loop - MainThread
2026-06-24 18:38:17,675[__main__] - INFO - Starting Xiaozhi GUI (standalone mode) - MainThread
2026-06-24 18:38:17,679[src.utils.config_manager] - INFO - Config directory: /root/Repos/Mina-a-Assistente-Virtual-Do-G.E.R.A/config - MainThread
2026-06-24 18:38:17,681[src.utils.config_manager] - INFO - Config file: /root/Repos/Mina-a-Assistente-Virtual-Do-G.E.R.A/config/config.json - MainThread
2026-06-24 18:38:17,733[src.utils.tts_client] - WARNING - TTS server unreachable (http://localhost:8000): Cannot connect to host localhost:8000 ssl:default [Multiple exceptions: [Errno 111] Connect call failed ('::1', 8000, 0, 0), [Errno 111] Connect call failed ('127.0.0.1', 8000)] - MainThread
2026-06-24 18:38:17,735[__main__] - INFO - TTS client ready (enabled=False) - MainThread
2026-06-24 18:38:20,960[__main__] - INFO - GUI started successfully - MainThread
